app/build/intermediates/manifest_merge_blame_file/debug/manifest-merger-blame-debug-report.txt
1<?xml version="1.0" encoding="utf-8"?>
2<manifest xmlns:android="http://schemas.android.com/apk/res/android"
3    package="com.minix.murok.inventoryapp"
4    android:versionCode="1"
5    android:versionName="1.0" >
6
7    <uses-sdk
8        android:minSdkVersion="15"
8-->src\main\AndroidManifest.xml
9        android:targetSdkVersion="28" />
9-->src\main\AndroidManifest.xml
10
11    <uses-permission android:name="android.permission.READ_EXTERNAL_STORAGE" />
11-->src\main\AndroidManifest.xml:5:5-79
11-->src\main\AndroidManifest.xml:5:22-77
12    <uses-permission android:name="android.permission.WRITE_EXTERNAL_STORAGE" />
12-->src\main\AndroidManifest.xml:6:5-80
12-->src\main\AndroidManifest.xml:6:22-78
13
14    <uses-feature
14-->src\main\AndroidManifest.xml:8:5-10:34
15        android:name="android.hardware.camera"
15-->src\main\AndroidManifest.xml:9:9-47
16        android:required="true" />
16-->src\main\AndroidManifest.xml:10:9-32
17
18    <application
18-->src\main\AndroidManifest.xml:12:5-49:19
19        android:allowBackup="true"
19-->src\main\AndroidManifest.xml:13:9-35
20        android:appComponentFactory="android.support.v4.app.CoreComponentFactory"
20-->[com.android.support:support-compat:28.0.0] AndroidManifest.xml:22:18-91
21        android:debuggable="true"
22        android:icon="@drawable/icon"
22-->src\main\AndroidManifest.xml:14:9-38
23        android:label="@string/app_name"
23-->src\main\AndroidManifest.xml:15:9-41
24        android:roundIcon="@drawable/icon"
24-->src\main\AndroidManifest.xml:16:9-43
25        android:supportsRtl="true"
25-->src\main\AndroidManifest.xml:17:9-35
26        android:testOnly="true"
27        android:theme="@style/AppTheme" >
27-->src\main\AndroidManifest.xml:18:9-40
28        <activity
28-->src\main\AndroidManifest.xml:20:9-29:20
29            android:name="com.Murok.inventoryapp.MainActivity"
29-->src\main\AndroidManifest.xml:21:13-63
30            android:theme="@style/Theme.Design.NoActionBar" >
30-->src\main\AndroidManifest.xml:22:13-60
31
32            <!-- android:theme="@style/Theme.Design.NoActionBar" -->
33            <intent-filter>
33-->src\main\AndroidManifest.xml:24:13-28:29
34                <action android:name="android.intent.action.MAIN" />
34-->src\main\AndroidManifest.xml:25:17-69
34-->src\main\AndroidManifest.xml:25:25-66
35
36                <category android:name="android.intent.category.LAUNCHER" />
36-->src\main\AndroidManifest.xml:27:17-77
36-->src\main\AndroidManifest.xml:27:27-74
37            </intent-filter>
38        </activity>
39        <activity
39-->src\main\AndroidManifest.xml:31:9-34:56
40            android:name="com.Murok.inventoryapp.EditActivity"
40-->src\main\AndroidManifest.xml:32:13-63
41            android:parentActivityName="com.Murok.inventoryapp.MainActivity"
41-->src\main\AndroidManifest.xml:33:13-77
42            android:theme="@style/AppTheme" />
42-->src\main\AndroidManifest.xml:34:13-44
43
44        <provider
44-->src\main\AndroidManifest.xml:36:9-46:20
45            android:name="android.support.v4.content.FileProvider"
45-->src\main\AndroidManifest.xml:37:13-67
46            android:authorities="com.example.android.fileprovider"
46-->src\main\AndroidManifest.xml:38:13-67
47            android:exported="false"
47-->src\main\AndroidManifest.xml:39:13-37
48            android:grantUriPermissions="true" >
48-->src\main\AndroidManifest.xml:40:13-47
49            <meta-data
49-->src\main\AndroidManifest.xml:42:13-44:64
50                android:name="android.support.FILE_PROVIDER_PATHS"
50-->src\main\AndroidManifest.xml:43:17-67
51                android:resource="@xml/file_paths" />
51-->src\main\AndroidManifest.xml:44:17-51
52        </provider>
53    </application>
54
55</manifest>